<?xml version="1.0" encoding="UTF-8"?>
<!-- Generated by org.testng.reporters.JUnitReportReporter -->
<testsuite hostname="Itctesting10" failures="0" tests="2" name="Sele.NewTest" time="9.745" errors="0" timestamp="2022-06-26T23:04:15 GMT+05:30" skipped="0">
  <testcase classname="Sele.NewTest" name="AdactinHotelValid" time="4.380"/>
  <system-out/>
  <testcase classname="Sele.NewTest" name="AdactinHotelInvalid" time="5.365"/>
  <system-out/>
</testsuite> <!-- Sele.NewTest -->
