<?xml version="1.0" encoding="UTF-8"?>
<!-- Generated by org.testng.reporters.JUnitReportReporter -->
<testsuite hostname="Itctesting10" failures="0" tests="2" name="Sele.GoogleSearch" time="10.541" errors="0" timestamp="2022-06-26T20:20:05 GMT+05:30" skipped="0">
  <testcase classname="Sele.GoogleSearch" name="AdactinHotelTestInvalid" time="5.824"/>
  <system-out/>
  <testcase classname="Sele.GoogleSearch" name="AdactinHotelTestValid" time="4.717"/>
  <system-out/>
</testsuite> <!-- Sele.GoogleSearch -->
